[2023-01-22T05:00:09.492+0000] {processor.py:153} INFO - Started process (PID=173) to work on /opt/airflow/dags/vehicle_analysis.py
[2023-01-22T05:00:09.494+0000] {processor.py:743} INFO - Processing file /opt/airflow/dags/vehicle_analysis.py for tasks to queue
[2023-01-22T05:00:09.496+0000] {logging_mixin.py:137} INFO - [2023-01-22T05:00:09.496+0000] {dagbag.py:538} INFO - Filling up the DagBag from /opt/airflow/dags/vehicle_analysis.py
[2023-01-22T05:00:10.597+0000] {processor.py:753} INFO - DAG(s) dict_keys(['Vehicle_Data_Analysis']) retrieved from /opt/airflow/dags/vehicle_analysis.py
[2023-01-22T05:00:10.631+0000] {logging_mixin.py:137} INFO - [2023-01-22T05:00:10.630+0000] {dag.py:2676} INFO - Sync 1 DAGs
[2023-01-22T05:00:10.701+0000] {logging_mixin.py:137} INFO - [2023-01-22T05:00:10.701+0000] {dag.py:3423} INFO - Setting next_dagrun for Vehicle_Data_Analysis to None, run_after=None
[2023-01-22T05:00:10.741+0000] {processor.py:175} INFO - Processing /opt/airflow/dags/vehicle_analysis.py took 1.254 seconds
[2023-01-22T05:00:41.038+0000] {processor.py:153} INFO - Started process (PID=216) to work on /opt/airflow/dags/vehicle_analysis.py
[2023-01-22T05:00:41.039+0000] {processor.py:743} INFO - Processing file /opt/airflow/dags/vehicle_analysis.py for tasks to queue
[2023-01-22T05:00:41.041+0000] {logging_mixin.py:137} INFO - [2023-01-22T05:00:41.041+0000] {dagbag.py:538} INFO - Filling up the DagBag from /opt/airflow/dags/vehicle_analysis.py
[2023-01-22T05:00:41.776+0000] {processor.py:753} INFO - DAG(s) dict_keys(['Vehicle_Data_Analysis']) retrieved from /opt/airflow/dags/vehicle_analysis.py
[2023-01-22T05:00:41.810+0000] {logging_mixin.py:137} INFO - [2023-01-22T05:00:41.810+0000] {dag.py:2676} INFO - Sync 1 DAGs
[2023-01-22T05:00:41.838+0000] {logging_mixin.py:137} INFO - [2023-01-22T05:00:41.838+0000] {dag.py:3423} INFO - Setting next_dagrun for Vehicle_Data_Analysis to None, run_after=None
[2023-01-22T05:00:41.856+0000] {processor.py:175} INFO - Processing /opt/airflow/dags/vehicle_analysis.py took 0.822 seconds
[2023-01-22T05:01:12.346+0000] {processor.py:153} INFO - Started process (PID=241) to work on /opt/airflow/dags/vehicle_analysis.py
[2023-01-22T05:01:12.347+0000] {processor.py:743} INFO - Processing file /opt/airflow/dags/vehicle_analysis.py for tasks to queue
[2023-01-22T05:01:12.349+0000] {logging_mixin.py:137} INFO - [2023-01-22T05:01:12.348+0000] {dagbag.py:538} INFO - Filling up the DagBag from /opt/airflow/dags/vehicle_analysis.py
[2023-01-22T05:01:13.171+0000] {processor.py:753} INFO - DAG(s) dict_keys(['Vehicle_Data_Analysis']) retrieved from /opt/airflow/dags/vehicle_analysis.py
[2023-01-22T05:01:13.200+0000] {logging_mixin.py:137} INFO - [2023-01-22T05:01:13.200+0000] {dag.py:2676} INFO - Sync 1 DAGs
[2023-01-22T05:01:13.222+0000] {logging_mixin.py:137} INFO - [2023-01-22T05:01:13.222+0000] {dag.py:3423} INFO - Setting next_dagrun for Vehicle_Data_Analysis to None, run_after=None
[2023-01-22T05:01:13.241+0000] {processor.py:175} INFO - Processing /opt/airflow/dags/vehicle_analysis.py took 0.901 seconds
[2023-01-22T05:01:43.577+0000] {processor.py:153} INFO - Started process (PID=266) to work on /opt/airflow/dags/vehicle_analysis.py
[2023-01-22T05:01:43.579+0000] {processor.py:743} INFO - Processing file /opt/airflow/dags/vehicle_analysis.py for tasks to queue
[2023-01-22T05:01:43.582+0000] {logging_mixin.py:137} INFO - [2023-01-22T05:01:43.581+0000] {dagbag.py:538} INFO - Filling up the DagBag from /opt/airflow/dags/vehicle_analysis.py
[2023-01-22T05:01:44.658+0000] {processor.py:753} INFO - DAG(s) dict_keys(['Vehicle_Data_Analysis']) retrieved from /opt/airflow/dags/vehicle_analysis.py
[2023-01-22T05:01:44.691+0000] {logging_mixin.py:137} INFO - [2023-01-22T05:01:44.690+0000] {dag.py:2676} INFO - Sync 1 DAGs
[2023-01-22T05:01:44.713+0000] {logging_mixin.py:137} INFO - [2023-01-22T05:01:44.713+0000] {dag.py:3423} INFO - Setting next_dagrun for Vehicle_Data_Analysis to None, run_after=None
[2023-01-22T05:01:44.736+0000] {processor.py:175} INFO - Processing /opt/airflow/dags/vehicle_analysis.py took 1.166 seconds
[2023-01-22T05:02:14.926+0000] {processor.py:153} INFO - Started process (PID=291) to work on /opt/airflow/dags/vehicle_analysis.py
[2023-01-22T05:02:14.927+0000] {processor.py:743} INFO - Processing file /opt/airflow/dags/vehicle_analysis.py for tasks to queue
[2023-01-22T05:02:14.929+0000] {logging_mixin.py:137} INFO - [2023-01-22T05:02:14.929+0000] {dagbag.py:538} INFO - Filling up the DagBag from /opt/airflow/dags/vehicle_analysis.py
[2023-01-22T05:02:15.713+0000] {processor.py:753} INFO - DAG(s) dict_keys(['Vehicle_Data_Analysis']) retrieved from /opt/airflow/dags/vehicle_analysis.py
[2023-01-22T05:02:15.736+0000] {logging_mixin.py:137} INFO - [2023-01-22T05:02:15.736+0000] {dag.py:2676} INFO - Sync 1 DAGs
[2023-01-22T05:02:15.754+0000] {logging_mixin.py:137} INFO - [2023-01-22T05:02:15.754+0000] {dag.py:3423} INFO - Setting next_dagrun for Vehicle_Data_Analysis to None, run_after=None
[2023-01-22T05:02:15.771+0000] {processor.py:175} INFO - Processing /opt/airflow/dags/vehicle_analysis.py took 0.850 seconds
[2023-01-22T05:02:46.214+0000] {processor.py:153} INFO - Started process (PID=316) to work on /opt/airflow/dags/vehicle_analysis.py
[2023-01-22T05:02:46.216+0000] {processor.py:743} INFO - Processing file /opt/airflow/dags/vehicle_analysis.py for tasks to queue
[2023-01-22T05:02:46.218+0000] {logging_mixin.py:137} INFO - [2023-01-22T05:02:46.218+0000] {dagbag.py:538} INFO - Filling up the DagBag from /opt/airflow/dags/vehicle_analysis.py
[2023-01-22T05:02:46.899+0000] {processor.py:753} INFO - DAG(s) dict_keys(['Vehicle_Data_Analysis']) retrieved from /opt/airflow/dags/vehicle_analysis.py
[2023-01-22T05:02:46.924+0000] {logging_mixin.py:137} INFO - [2023-01-22T05:02:46.924+0000] {dag.py:2676} INFO - Sync 1 DAGs
[2023-01-22T05:02:46.941+0000] {logging_mixin.py:137} INFO - [2023-01-22T05:02:46.941+0000] {dag.py:3423} INFO - Setting next_dagrun for Vehicle_Data_Analysis to None, run_after=None
[2023-01-22T05:02:46.960+0000] {processor.py:175} INFO - Processing /opt/airflow/dags/vehicle_analysis.py took 0.753 seconds
[2023-01-22T05:03:17.632+0000] {processor.py:153} INFO - Started process (PID=341) to work on /opt/airflow/dags/vehicle_analysis.py
[2023-01-22T05:03:17.633+0000] {processor.py:743} INFO - Processing file /opt/airflow/dags/vehicle_analysis.py for tasks to queue
[2023-01-22T05:03:17.635+0000] {logging_mixin.py:137} INFO - [2023-01-22T05:03:17.635+0000] {dagbag.py:538} INFO - Filling up the DagBag from /opt/airflow/dags/vehicle_analysis.py
[2023-01-22T05:03:18.321+0000] {processor.py:753} INFO - DAG(s) dict_keys(['Vehicle_Data_Analysis']) retrieved from /opt/airflow/dags/vehicle_analysis.py
[2023-01-22T05:03:18.346+0000] {logging_mixin.py:137} INFO - [2023-01-22T05:03:18.345+0000] {dag.py:2676} INFO - Sync 1 DAGs
[2023-01-22T05:03:18.370+0000] {logging_mixin.py:137} INFO - [2023-01-22T05:03:18.370+0000] {dag.py:3423} INFO - Setting next_dagrun for Vehicle_Data_Analysis to None, run_after=None
[2023-01-22T05:03:18.388+0000] {processor.py:175} INFO - Processing /opt/airflow/dags/vehicle_analysis.py took 0.760 seconds
[2023-01-22T05:03:48.810+0000] {processor.py:153} INFO - Started process (PID=366) to work on /opt/airflow/dags/vehicle_analysis.py
[2023-01-22T05:03:48.811+0000] {processor.py:743} INFO - Processing file /opt/airflow/dags/vehicle_analysis.py for tasks to queue
[2023-01-22T05:03:48.814+0000] {logging_mixin.py:137} INFO - [2023-01-22T05:03:48.813+0000] {dagbag.py:538} INFO - Filling up the DagBag from /opt/airflow/dags/vehicle_analysis.py
[2023-01-22T05:03:49.508+0000] {processor.py:753} INFO - DAG(s) dict_keys(['Vehicle_Data_Analysis']) retrieved from /opt/airflow/dags/vehicle_analysis.py
[2023-01-22T05:03:49.532+0000] {logging_mixin.py:137} INFO - [2023-01-22T05:03:49.532+0000] {dag.py:2676} INFO - Sync 1 DAGs
[2023-01-22T05:03:49.551+0000] {logging_mixin.py:137} INFO - [2023-01-22T05:03:49.551+0000] {dag.py:3423} INFO - Setting next_dagrun for Vehicle_Data_Analysis to None, run_after=None
[2023-01-22T05:03:49.568+0000] {processor.py:175} INFO - Processing /opt/airflow/dags/vehicle_analysis.py took 0.765 seconds
[2023-01-22T05:04:20.470+0000] {processor.py:153} INFO - Started process (PID=391) to work on /opt/airflow/dags/vehicle_analysis.py
[2023-01-22T05:04:20.471+0000] {processor.py:743} INFO - Processing file /opt/airflow/dags/vehicle_analysis.py for tasks to queue
[2023-01-22T05:04:20.473+0000] {logging_mixin.py:137} INFO - [2023-01-22T05:04:20.473+0000] {dagbag.py:538} INFO - Filling up the DagBag from /opt/airflow/dags/vehicle_analysis.py
[2023-01-22T05:04:21.185+0000] {processor.py:753} INFO - DAG(s) dict_keys(['Vehicle_Data_Analysis']) retrieved from /opt/airflow/dags/vehicle_analysis.py
[2023-01-22T05:04:21.212+0000] {logging_mixin.py:137} INFO - [2023-01-22T05:04:21.211+0000] {dag.py:2676} INFO - Sync 1 DAGs
[2023-01-22T05:04:21.231+0000] {logging_mixin.py:137} INFO - [2023-01-22T05:04:21.231+0000] {dag.py:3423} INFO - Setting next_dagrun for Vehicle_Data_Analysis to None, run_after=None
[2023-01-22T05:04:21.250+0000] {processor.py:175} INFO - Processing /opt/airflow/dags/vehicle_analysis.py took 0.784 seconds
[2023-01-22T05:04:51.911+0000] {processor.py:153} INFO - Started process (PID=422) to work on /opt/airflow/dags/vehicle_analysis.py
[2023-01-22T05:04:51.913+0000] {processor.py:743} INFO - Processing file /opt/airflow/dags/vehicle_analysis.py for tasks to queue
[2023-01-22T05:04:51.915+0000] {logging_mixin.py:137} INFO - [2023-01-22T05:04:51.914+0000] {dagbag.py:538} INFO - Filling up the DagBag from /opt/airflow/dags/vehicle_analysis.py
[2023-01-22T05:04:52.679+0000] {processor.py:753} INFO - DAG(s) dict_keys(['Vehicle_Data_Analysis']) retrieved from /opt/airflow/dags/vehicle_analysis.py
[2023-01-22T05:04:52.706+0000] {logging_mixin.py:137} INFO - [2023-01-22T05:04:52.705+0000] {dag.py:2676} INFO - Sync 1 DAGs
[2023-01-22T05:04:52.724+0000] {logging_mixin.py:137} INFO - [2023-01-22T05:04:52.724+0000] {dag.py:3423} INFO - Setting next_dagrun for Vehicle_Data_Analysis to None, run_after=None
[2023-01-22T05:04:52.742+0000] {processor.py:175} INFO - Processing /opt/airflow/dags/vehicle_analysis.py took 0.834 seconds
[2023-01-22T05:05:23.222+0000] {processor.py:153} INFO - Started process (PID=447) to work on /opt/airflow/dags/vehicle_analysis.py
[2023-01-22T05:05:23.223+0000] {processor.py:743} INFO - Processing file /opt/airflow/dags/vehicle_analysis.py for tasks to queue
[2023-01-22T05:05:23.225+0000] {logging_mixin.py:137} INFO - [2023-01-22T05:05:23.225+0000] {dagbag.py:538} INFO - Filling up the DagBag from /opt/airflow/dags/vehicle_analysis.py
[2023-01-22T05:05:23.899+0000] {processor.py:753} INFO - DAG(s) dict_keys(['Vehicle_Data_Analysis']) retrieved from /opt/airflow/dags/vehicle_analysis.py
[2023-01-22T05:05:23.924+0000] {logging_mixin.py:137} INFO - [2023-01-22T05:05:23.924+0000] {dag.py:2676} INFO - Sync 1 DAGs
[2023-01-22T05:05:23.941+0000] {logging_mixin.py:137} INFO - [2023-01-22T05:05:23.941+0000] {dag.py:3423} INFO - Setting next_dagrun for Vehicle_Data_Analysis to None, run_after=None
[2023-01-22T05:05:23.960+0000] {processor.py:175} INFO - Processing /opt/airflow/dags/vehicle_analysis.py took 0.742 seconds
[2023-01-22T05:05:54.408+0000] {processor.py:153} INFO - Started process (PID=472) to work on /opt/airflow/dags/vehicle_analysis.py
[2023-01-22T05:05:54.409+0000] {processor.py:743} INFO - Processing file /opt/airflow/dags/vehicle_analysis.py for tasks to queue
[2023-01-22T05:05:54.411+0000] {logging_mixin.py:137} INFO - [2023-01-22T05:05:54.411+0000] {dagbag.py:538} INFO - Filling up the DagBag from /opt/airflow/dags/vehicle_analysis.py
[2023-01-22T05:05:55.133+0000] {processor.py:753} INFO - DAG(s) dict_keys(['Vehicle_Data_Analysis']) retrieved from /opt/airflow/dags/vehicle_analysis.py
[2023-01-22T05:05:55.156+0000] {logging_mixin.py:137} INFO - [2023-01-22T05:05:55.156+0000] {dag.py:2676} INFO - Sync 1 DAGs
[2023-01-22T05:05:55.174+0000] {logging_mixin.py:137} INFO - [2023-01-22T05:05:55.174+0000] {dag.py:3423} INFO - Setting next_dagrun for Vehicle_Data_Analysis to None, run_after=None
[2023-01-22T05:05:55.193+0000] {processor.py:175} INFO - Processing /opt/airflow/dags/vehicle_analysis.py took 0.789 seconds
[2023-01-22T05:06:26.036+0000] {processor.py:153} INFO - Started process (PID=497) to work on /opt/airflow/dags/vehicle_analysis.py
[2023-01-22T05:06:26.037+0000] {processor.py:743} INFO - Processing file /opt/airflow/dags/vehicle_analysis.py for tasks to queue
[2023-01-22T05:06:26.039+0000] {logging_mixin.py:137} INFO - [2023-01-22T05:06:26.039+0000] {dagbag.py:538} INFO - Filling up the DagBag from /opt/airflow/dags/vehicle_analysis.py
[2023-01-22T05:06:26.716+0000] {processor.py:753} INFO - DAG(s) dict_keys(['Vehicle_Data_Analysis']) retrieved from /opt/airflow/dags/vehicle_analysis.py
[2023-01-22T05:06:26.740+0000] {logging_mixin.py:137} INFO - [2023-01-22T05:06:26.740+0000] {dag.py:2676} INFO - Sync 1 DAGs
[2023-01-22T05:06:26.760+0000] {logging_mixin.py:137} INFO - [2023-01-22T05:06:26.759+0000] {dag.py:3423} INFO - Setting next_dagrun for Vehicle_Data_Analysis to None, run_after=None
[2023-01-22T05:06:26.777+0000] {processor.py:175} INFO - Processing /opt/airflow/dags/vehicle_analysis.py took 0.745 seconds
[2023-01-22T05:06:57.443+0000] {processor.py:153} INFO - Started process (PID=522) to work on /opt/airflow/dags/vehicle_analysis.py
[2023-01-22T05:06:57.444+0000] {processor.py:743} INFO - Processing file /opt/airflow/dags/vehicle_analysis.py for tasks to queue
[2023-01-22T05:06:57.446+0000] {logging_mixin.py:137} INFO - [2023-01-22T05:06:57.446+0000] {dagbag.py:538} INFO - Filling up the DagBag from /opt/airflow/dags/vehicle_analysis.py
[2023-01-22T05:06:58.167+0000] {processor.py:753} INFO - DAG(s) dict_keys(['Vehicle_Data_Analysis']) retrieved from /opt/airflow/dags/vehicle_analysis.py
[2023-01-22T05:06:58.192+0000] {logging_mixin.py:137} INFO - [2023-01-22T05:06:58.192+0000] {dag.py:2676} INFO - Sync 1 DAGs
[2023-01-22T05:06:58.211+0000] {logging_mixin.py:137} INFO - [2023-01-22T05:06:58.211+0000] {dag.py:3423} INFO - Setting next_dagrun for Vehicle_Data_Analysis to None, run_after=None
[2023-01-22T05:06:58.229+0000] {processor.py:175} INFO - Processing /opt/airflow/dags/vehicle_analysis.py took 0.789 seconds
[2023-01-22T05:07:28.875+0000] {processor.py:153} INFO - Started process (PID=547) to work on /opt/airflow/dags/vehicle_analysis.py
[2023-01-22T05:07:28.877+0000] {processor.py:743} INFO - Processing file /opt/airflow/dags/vehicle_analysis.py for tasks to queue
[2023-01-22T05:07:28.879+0000] {logging_mixin.py:137} INFO - [2023-01-22T05:07:28.879+0000] {dagbag.py:538} INFO - Filling up the DagBag from /opt/airflow/dags/vehicle_analysis.py
[2023-01-22T05:07:29.571+0000] {processor.py:753} INFO - DAG(s) dict_keys(['Vehicle_Data_Analysis']) retrieved from /opt/airflow/dags/vehicle_analysis.py
[2023-01-22T05:07:29.597+0000] {logging_mixin.py:137} INFO - [2023-01-22T05:07:29.597+0000] {dag.py:2676} INFO - Sync 1 DAGs
[2023-01-22T05:07:29.615+0000] {logging_mixin.py:137} INFO - [2023-01-22T05:07:29.615+0000] {dag.py:3423} INFO - Setting next_dagrun for Vehicle_Data_Analysis to None, run_after=None
[2023-01-22T05:07:29.633+0000] {processor.py:175} INFO - Processing /opt/airflow/dags/vehicle_analysis.py took 0.767 seconds
[2023-01-22T05:08:00.276+0000] {processor.py:153} INFO - Started process (PID=572) to work on /opt/airflow/dags/vehicle_analysis.py
[2023-01-22T05:08:00.277+0000] {processor.py:743} INFO - Processing file /opt/airflow/dags/vehicle_analysis.py for tasks to queue
[2023-01-22T05:08:00.279+0000] {logging_mixin.py:137} INFO - [2023-01-22T05:08:00.279+0000] {dagbag.py:538} INFO - Filling up the DagBag from /opt/airflow/dags/vehicle_analysis.py
[2023-01-22T05:08:00.922+0000] {processor.py:753} INFO - DAG(s) dict_keys(['Vehicle_Data_Analysis']) retrieved from /opt/airflow/dags/vehicle_analysis.py
[2023-01-22T05:08:00.946+0000] {logging_mixin.py:137} INFO - [2023-01-22T05:08:00.946+0000] {dag.py:2676} INFO - Sync 1 DAGs
[2023-01-22T05:08:00.964+0000] {logging_mixin.py:137} INFO - [2023-01-22T05:08:00.964+0000] {dag.py:3423} INFO - Setting next_dagrun for Vehicle_Data_Analysis to None, run_after=None
[2023-01-22T05:08:00.981+0000] {processor.py:175} INFO - Processing /opt/airflow/dags/vehicle_analysis.py took 0.708 seconds
[2023-01-22T05:08:31.595+0000] {processor.py:153} INFO - Started process (PID=597) to work on /opt/airflow/dags/vehicle_analysis.py
[2023-01-22T05:08:31.596+0000] {processor.py:743} INFO - Processing file /opt/airflow/dags/vehicle_analysis.py for tasks to queue
[2023-01-22T05:08:31.598+0000] {logging_mixin.py:137} INFO - [2023-01-22T05:08:31.598+0000] {dagbag.py:538} INFO - Filling up the DagBag from /opt/airflow/dags/vehicle_analysis.py
[2023-01-22T05:08:32.234+0000] {processor.py:753} INFO - DAG(s) dict_keys(['Vehicle_Data_Analysis']) retrieved from /opt/airflow/dags/vehicle_analysis.py
[2023-01-22T05:08:32.258+0000] {logging_mixin.py:137} INFO - [2023-01-22T05:08:32.258+0000] {dag.py:2676} INFO - Sync 1 DAGs
[2023-01-22T05:08:32.276+0000] {logging_mixin.py:137} INFO - [2023-01-22T05:08:32.276+0000] {dag.py:3423} INFO - Setting next_dagrun for Vehicle_Data_Analysis to None, run_after=None
[2023-01-22T05:08:32.294+0000] {processor.py:175} INFO - Processing /opt/airflow/dags/vehicle_analysis.py took 0.703 seconds
[2023-01-22T05:09:02.918+0000] {processor.py:153} INFO - Started process (PID=623) to work on /opt/airflow/dags/vehicle_analysis.py
[2023-01-22T05:09:02.919+0000] {processor.py:743} INFO - Processing file /opt/airflow/dags/vehicle_analysis.py for tasks to queue
[2023-01-22T05:09:02.921+0000] {logging_mixin.py:137} INFO - [2023-01-22T05:09:02.921+0000] {dagbag.py:538} INFO - Filling up the DagBag from /opt/airflow/dags/vehicle_analysis.py
[2023-01-22T05:09:03.566+0000] {processor.py:753} INFO - DAG(s) dict_keys(['Vehicle_Data_Analysis']) retrieved from /opt/airflow/dags/vehicle_analysis.py
[2023-01-22T05:09:03.590+0000] {logging_mixin.py:137} INFO - [2023-01-22T05:09:03.589+0000] {dag.py:2676} INFO - Sync 1 DAGs
[2023-01-22T05:09:03.608+0000] {logging_mixin.py:137} INFO - [2023-01-22T05:09:03.608+0000] {dag.py:3423} INFO - Setting next_dagrun for Vehicle_Data_Analysis to None, run_after=None
[2023-01-22T05:09:03.625+0000] {processor.py:175} INFO - Processing /opt/airflow/dags/vehicle_analysis.py took 0.710 seconds
[2023-01-22T05:09:34.261+0000] {processor.py:153} INFO - Started process (PID=648) to work on /opt/airflow/dags/vehicle_analysis.py
[2023-01-22T05:09:34.262+0000] {processor.py:743} INFO - Processing file /opt/airflow/dags/vehicle_analysis.py for tasks to queue
[2023-01-22T05:09:34.264+0000] {logging_mixin.py:137} INFO - [2023-01-22T05:09:34.264+0000] {dagbag.py:538} INFO - Filling up the DagBag from /opt/airflow/dags/vehicle_analysis.py
[2023-01-22T05:09:34.892+0000] {processor.py:753} INFO - DAG(s) dict_keys(['Vehicle_Data_Analysis']) retrieved from /opt/airflow/dags/vehicle_analysis.py
[2023-01-22T05:09:34.916+0000] {logging_mixin.py:137} INFO - [2023-01-22T05:09:34.916+0000] {dag.py:2676} INFO - Sync 1 DAGs
[2023-01-22T05:09:34.935+0000] {logging_mixin.py:137} INFO - [2023-01-22T05:09:34.934+0000] {dag.py:3423} INFO - Setting next_dagrun for Vehicle_Data_Analysis to None, run_after=None
[2023-01-22T05:09:34.956+0000] {processor.py:175} INFO - Processing /opt/airflow/dags/vehicle_analysis.py took 0.698 seconds
[2023-01-22T05:10:05.601+0000] {processor.py:153} INFO - Started process (PID=674) to work on /opt/airflow/dags/vehicle_analysis.py
[2023-01-22T05:10:05.602+0000] {processor.py:743} INFO - Processing file /opt/airflow/dags/vehicle_analysis.py for tasks to queue
[2023-01-22T05:10:05.603+0000] {logging_mixin.py:137} INFO - [2023-01-22T05:10:05.603+0000] {dagbag.py:538} INFO - Filling up the DagBag from /opt/airflow/dags/vehicle_analysis.py
[2023-01-22T05:10:06.253+0000] {processor.py:753} INFO - DAG(s) dict_keys(['Vehicle_Data_Analysis']) retrieved from /opt/airflow/dags/vehicle_analysis.py
[2023-01-22T05:10:06.277+0000] {logging_mixin.py:137} INFO - [2023-01-22T05:10:06.276+0000] {dag.py:2676} INFO - Sync 1 DAGs
[2023-01-22T05:10:06.295+0000] {logging_mixin.py:137} INFO - [2023-01-22T05:10:06.295+0000] {dag.py:3423} INFO - Setting next_dagrun for Vehicle_Data_Analysis to None, run_after=None
[2023-01-22T05:10:06.311+0000] {processor.py:175} INFO - Processing /opt/airflow/dags/vehicle_analysis.py took 0.713 seconds
[2023-01-22T05:10:36.915+0000] {processor.py:153} INFO - Started process (PID=699) to work on /opt/airflow/dags/vehicle_analysis.py
[2023-01-22T05:10:36.916+0000] {processor.py:743} INFO - Processing file /opt/airflow/dags/vehicle_analysis.py for tasks to queue
[2023-01-22T05:10:36.917+0000] {logging_mixin.py:137} INFO - [2023-01-22T05:10:36.917+0000] {dagbag.py:538} INFO - Filling up the DagBag from /opt/airflow/dags/vehicle_analysis.py
[2023-01-22T05:10:37.577+0000] {processor.py:753} INFO - DAG(s) dict_keys(['Vehicle_Data_Analysis']) retrieved from /opt/airflow/dags/vehicle_analysis.py
[2023-01-22T05:10:37.602+0000] {logging_mixin.py:137} INFO - [2023-01-22T05:10:37.602+0000] {dag.py:2676} INFO - Sync 1 DAGs
[2023-01-22T05:10:37.620+0000] {logging_mixin.py:137} INFO - [2023-01-22T05:10:37.620+0000] {dag.py:3423} INFO - Setting next_dagrun for Vehicle_Data_Analysis to None, run_after=None
[2023-01-22T05:10:37.638+0000] {processor.py:175} INFO - Processing /opt/airflow/dags/vehicle_analysis.py took 0.727 seconds
[2023-01-22T05:11:08.106+0000] {processor.py:153} INFO - Started process (PID=724) to work on /opt/airflow/dags/vehicle_analysis.py
[2023-01-22T05:11:08.107+0000] {processor.py:743} INFO - Processing file /opt/airflow/dags/vehicle_analysis.py for tasks to queue
[2023-01-22T05:11:08.109+0000] {logging_mixin.py:137} INFO - [2023-01-22T05:11:08.109+0000] {dagbag.py:538} INFO - Filling up the DagBag from /opt/airflow/dags/vehicle_analysis.py
[2023-01-22T05:11:08.758+0000] {processor.py:753} INFO - DAG(s) dict_keys(['Vehicle_Data_Analysis']) retrieved from /opt/airflow/dags/vehicle_analysis.py
[2023-01-22T05:11:08.786+0000] {logging_mixin.py:137} INFO - [2023-01-22T05:11:08.786+0000] {dag.py:2676} INFO - Sync 1 DAGs
[2023-01-22T05:11:08.805+0000] {logging_mixin.py:137} INFO - [2023-01-22T05:11:08.805+0000] {dag.py:3423} INFO - Setting next_dagrun for Vehicle_Data_Analysis to None, run_after=None
[2023-01-22T05:11:08.825+0000] {processor.py:175} INFO - Processing /opt/airflow/dags/vehicle_analysis.py took 0.726 seconds
[2023-01-22T05:11:39.531+0000] {processor.py:153} INFO - Started process (PID=749) to work on /opt/airflow/dags/vehicle_analysis.py
[2023-01-22T05:11:39.533+0000] {processor.py:743} INFO - Processing file /opt/airflow/dags/vehicle_analysis.py for tasks to queue
[2023-01-22T05:11:39.534+0000] {logging_mixin.py:137} INFO - [2023-01-22T05:11:39.534+0000] {dagbag.py:538} INFO - Filling up the DagBag from /opt/airflow/dags/vehicle_analysis.py
[2023-01-22T05:11:40.176+0000] {processor.py:753} INFO - DAG(s) dict_keys(['Vehicle_Data_Analysis']) retrieved from /opt/airflow/dags/vehicle_analysis.py
[2023-01-22T05:11:40.201+0000] {logging_mixin.py:137} INFO - [2023-01-22T05:11:40.201+0000] {dag.py:2676} INFO - Sync 1 DAGs
[2023-01-22T05:11:40.219+0000] {logging_mixin.py:137} INFO - [2023-01-22T05:11:40.218+0000] {dag.py:3423} INFO - Setting next_dagrun for Vehicle_Data_Analysis to None, run_after=None
[2023-01-22T05:11:40.236+0000] {processor.py:175} INFO - Processing /opt/airflow/dags/vehicle_analysis.py took 0.708 seconds
[2023-01-22T05:12:10.717+0000] {processor.py:153} INFO - Started process (PID=774) to work on /opt/airflow/dags/vehicle_analysis.py
[2023-01-22T05:12:10.718+0000] {processor.py:743} INFO - Processing file /opt/airflow/dags/vehicle_analysis.py for tasks to queue
[2023-01-22T05:12:10.720+0000] {logging_mixin.py:137} INFO - [2023-01-22T05:12:10.720+0000] {dagbag.py:538} INFO - Filling up the DagBag from /opt/airflow/dags/vehicle_analysis.py
[2023-01-22T05:12:11.373+0000] {processor.py:753} INFO - DAG(s) dict_keys(['Vehicle_Data_Analysis']) retrieved from /opt/airflow/dags/vehicle_analysis.py
[2023-01-22T05:12:11.400+0000] {logging_mixin.py:137} INFO - [2023-01-22T05:12:11.399+0000] {dag.py:2676} INFO - Sync 1 DAGs
[2023-01-22T05:12:11.418+0000] {logging_mixin.py:137} INFO - [2023-01-22T05:12:11.418+0000] {dag.py:3423} INFO - Setting next_dagrun for Vehicle_Data_Analysis to None, run_after=None
[2023-01-22T05:12:11.436+0000] {processor.py:175} INFO - Processing /opt/airflow/dags/vehicle_analysis.py took 0.724 seconds
[2023-01-22T05:12:42.139+0000] {processor.py:153} INFO - Started process (PID=799) to work on /opt/airflow/dags/vehicle_analysis.py
[2023-01-22T05:12:42.140+0000] {processor.py:743} INFO - Processing file /opt/airflow/dags/vehicle_analysis.py for tasks to queue
[2023-01-22T05:12:42.142+0000] {logging_mixin.py:137} INFO - [2023-01-22T05:12:42.142+0000] {dagbag.py:538} INFO - Filling up the DagBag from /opt/airflow/dags/vehicle_analysis.py
[2023-01-22T05:12:42.790+0000] {processor.py:753} INFO - DAG(s) dict_keys(['Vehicle_Data_Analysis']) retrieved from /opt/airflow/dags/vehicle_analysis.py
[2023-01-22T05:12:42.814+0000] {logging_mixin.py:137} INFO - [2023-01-22T05:12:42.814+0000] {dag.py:2676} INFO - Sync 1 DAGs
[2023-01-22T05:12:42.833+0000] {logging_mixin.py:137} INFO - [2023-01-22T05:12:42.833+0000] {dag.py:3423} INFO - Setting next_dagrun for Vehicle_Data_Analysis to None, run_after=None
[2023-01-22T05:12:42.850+0000] {processor.py:175} INFO - Processing /opt/airflow/dags/vehicle_analysis.py took 0.715 seconds
[2023-01-22T05:13:13.346+0000] {processor.py:153} INFO - Started process (PID=824) to work on /opt/airflow/dags/vehicle_analysis.py
[2023-01-22T05:13:13.348+0000] {processor.py:743} INFO - Processing file /opt/airflow/dags/vehicle_analysis.py for tasks to queue
[2023-01-22T05:13:13.350+0000] {logging_mixin.py:137} INFO - [2023-01-22T05:13:13.350+0000] {dagbag.py:538} INFO - Filling up the DagBag from /opt/airflow/dags/vehicle_analysis.py
[2023-01-22T05:13:13.990+0000] {processor.py:753} INFO - DAG(s) dict_keys(['Vehicle_Data_Analysis']) retrieved from /opt/airflow/dags/vehicle_analysis.py
[2023-01-22T05:13:14.015+0000] {logging_mixin.py:137} INFO - [2023-01-22T05:13:14.015+0000] {dag.py:2676} INFO - Sync 1 DAGs
[2023-01-22T05:13:14.034+0000] {logging_mixin.py:137} INFO - [2023-01-22T05:13:14.033+0000] {dag.py:3423} INFO - Setting next_dagrun for Vehicle_Data_Analysis to None, run_after=None
[2023-01-22T05:13:14.051+0000] {processor.py:175} INFO - Processing /opt/airflow/dags/vehicle_analysis.py took 0.713 seconds
[2023-01-22T05:13:44.786+0000] {processor.py:153} INFO - Started process (PID=849) to work on /opt/airflow/dags/vehicle_analysis.py
[2023-01-22T05:13:44.787+0000] {processor.py:743} INFO - Processing file /opt/airflow/dags/vehicle_analysis.py for tasks to queue
[2023-01-22T05:13:44.789+0000] {logging_mixin.py:137} INFO - [2023-01-22T05:13:44.789+0000] {dagbag.py:538} INFO - Filling up the DagBag from /opt/airflow/dags/vehicle_analysis.py
[2023-01-22T05:13:45.459+0000] {processor.py:753} INFO - DAG(s) dict_keys(['Vehicle_Data_Analysis']) retrieved from /opt/airflow/dags/vehicle_analysis.py
[2023-01-22T05:13:45.486+0000] {logging_mixin.py:137} INFO - [2023-01-22T05:13:45.486+0000] {dag.py:2676} INFO - Sync 1 DAGs
[2023-01-22T05:13:45.505+0000] {logging_mixin.py:137} INFO - [2023-01-22T05:13:45.505+0000] {dag.py:3423} INFO - Setting next_dagrun for Vehicle_Data_Analysis to None, run_after=None
[2023-01-22T05:13:45.523+0000] {processor.py:175} INFO - Processing /opt/airflow/dags/vehicle_analysis.py took 0.741 seconds
[2023-01-22T05:14:16.023+0000] {processor.py:153} INFO - Started process (PID=874) to work on /opt/airflow/dags/vehicle_analysis.py
[2023-01-22T05:14:16.025+0000] {processor.py:743} INFO - Processing file /opt/airflow/dags/vehicle_analysis.py for tasks to queue
[2023-01-22T05:14:16.027+0000] {logging_mixin.py:137} INFO - [2023-01-22T05:14:16.027+0000] {dagbag.py:538} INFO - Filling up the DagBag from /opt/airflow/dags/vehicle_analysis.py
[2023-01-22T05:14:16.667+0000] {processor.py:753} INFO - DAG(s) dict_keys(['Vehicle_Data_Analysis']) retrieved from /opt/airflow/dags/vehicle_analysis.py
[2023-01-22T05:14:16.692+0000] {logging_mixin.py:137} INFO - [2023-01-22T05:14:16.691+0000] {dag.py:2676} INFO - Sync 1 DAGs
[2023-01-22T05:14:16.709+0000] {logging_mixin.py:137} INFO - [2023-01-22T05:14:16.709+0000] {dag.py:3423} INFO - Setting next_dagrun for Vehicle_Data_Analysis to None, run_after=None
[2023-01-22T05:14:16.729+0000] {processor.py:175} INFO - Processing /opt/airflow/dags/vehicle_analysis.py took 0.710 seconds
[2023-01-22T05:14:47.419+0000] {processor.py:153} INFO - Started process (PID=899) to work on /opt/airflow/dags/vehicle_analysis.py
[2023-01-22T05:14:47.420+0000] {processor.py:743} INFO - Processing file /opt/airflow/dags/vehicle_analysis.py for tasks to queue
[2023-01-22T05:14:47.422+0000] {logging_mixin.py:137} INFO - [2023-01-22T05:14:47.422+0000] {dagbag.py:538} INFO - Filling up the DagBag from /opt/airflow/dags/vehicle_analysis.py
[2023-01-22T05:14:48.073+0000] {processor.py:753} INFO - DAG(s) dict_keys(['Vehicle_Data_Analysis']) retrieved from /opt/airflow/dags/vehicle_analysis.py
[2023-01-22T05:14:48.098+0000] {logging_mixin.py:137} INFO - [2023-01-22T05:14:48.097+0000] {dag.py:2676} INFO - Sync 1 DAGs
[2023-01-22T05:14:48.115+0000] {logging_mixin.py:137} INFO - [2023-01-22T05:14:48.115+0000] {dag.py:3423} INFO - Setting next_dagrun for Vehicle_Data_Analysis to None, run_after=None
[2023-01-22T05:14:48.133+0000] {processor.py:175} INFO - Processing /opt/airflow/dags/vehicle_analysis.py took 0.717 seconds
